<?xml version="1.0" encoding="UTF-8"?>
<testsuite name="DemoqaHomeWork" tests="1" skipped="0" failures="0" errors="0" timestamp="2026-02-03T19:01:39.405Z" hostname="OSTM" time="4.157">
  <properties/>
  <testcase name="fillFormTest()" classname="DemoqaHomeWork" time="4.157"/>
  <system-out><![CDATA[]]></system-out>
  <system-err><![CDATA[[Test worker] INFO com.codeborne.selenide.WebDriverThreadLocalContainer - No webdriver is bound to current thread: 3 - let's create a new webdriver
февр. 03, 2026 10:01:40 PM org.openqa.selenium.devtools.CdpVersionFinder findNearestMatch
WARNING: Unable to find CDP implementation matching 144
февр. 03, 2026 10:01:40 PM org.openqa.selenium.chromium.ChromiumDriver lambda$new$4
WARNING: Unable to find version of CDP to use for 144.0.7559.110. You may need to include a dependency on a specific version of the CDP using something similar to `org.seleniumhq.selenium:selenium-devtools-v86:4.34.0` where the version ("v86") matches the version of the chromium-based browser you're using and the version number of the artifact is the same as Selenium's.
[Test worker] INFO com.codeborne.selenide.webdriver.WebDriverFactory - Selenide 7.9.4 / Selenium 4.34.0 / chrome 144.0.7559.110 windows
]]></system-err>
</testsuite>
